1562531263803	mozrunner::runner	INFO	Running command: "C:\\Program Files\\Mozilla Firefox\\firefox.exe" "-marionette" "-foreground" "-no-remote" "-profile" "C:\\Users\\Tony\\AppData\\Local\\Temp\\rust_mozprofile.gB8YzvD6sFJk"
1562531264138	addons.webextension.screenshots@mozilla.org	WARN	Loading extension 'screenshots@mozilla.org': Reading manifest: Invalid extension permission: mozillaAddons
1562531264138	addons.webextension.screenshots@mozilla.org	WARN	Loading extension 'screenshots@mozilla.org': Reading manifest: Invalid extension permission: resource://pdf.js/
1562531264138	addons.webextension.screenshots@mozilla.org	WARN	Loading extension 'screenshots@mozilla.org': Reading manifest: Invalid extension permission: about:reader*
1562531265361	Marionette	INFO	Listening on port 59146
1562531265420	Marionette	WARN	TLS certificate errors will be ignored for this session
1562531273872	Marionette	INFO	Stopped listening on port 59146
[GPU 18664, 
###!!! [Child][RunMessage] Error: Channel closing: too late to send/recv, messages will be lost


###!!! [Child][MessageChannel::SendAndWait] Error: Channel error: cannot send/recv

1562532969834	mozrunner::runner	INFO	Running command: "C:\\Program Files\\Mozilla Firefox\\firefox.exe" "-marionette" "-foreground" "-no-remote" "-profile" "C:\\Users\\Tony\\AppData\\Local\\Temp\\rust_mozprofile.SLUpwZEE2yYH"
1562532970405	addons.webextension.screenshots@mozilla.org	WARN	Loading extension 'screenshots@mozilla.org': Reading manifest: Invalid extension permission: mozillaAddons
1562532970405	addons.webextension.screenshots@mozilla.org	WARN	Loading extension 'screenshots@mozilla.org': Reading manifest: Invalid extension permission: resource://pdf.js/
1562532970406	addons.webextension.screenshots@mozilla.org	WARN	Loading extension 'screenshots@mozilla.org': Reading manifest: Invalid extension permission: about:reader*
1562532971616	Marionette	INFO	Listening on port 60815
1562532971953	Marionette	WARN	TLS certificate errors will be ignored for this session
1562533040675	Marionette	INFO	Stopped listening on port 60815

###!!! [Child][RunMessage] Error: Channel closing: too late to send/recv, messages will be lost

[GPU 2
###!!! [Child][MessageChannel::SendAndWait] Error: Channel error: cannot send/recv

n.screenshots@mozilla.org	WARN	Loading extension 'screenshots@mozilla.org': Reading manifest: Invalid extension permission: mozillaAddons
1562532994400	addons.webextension.screenshots@mozilla.org	WARN	Loading extension 'screenshots@mozilla.org': Reading manifest: Invalid extension permission: resource://pdf.js/
1562532994400	addons.webextension.screenshots@mozilla.org	WARN	Loading extension 'screenshots@mozilla.org': Reading manifest: Invalid extension permission: about:reader*
1562532995473	Marionette	INFO	Listening on port 60890
1562532995683	Marionette	WARN	TLS certificate errors will be ignored for this session
[Parent 18880, Gecko_IOThread] WARNING: pipe error: 109: file z:/task_1560988636/build/src/ipc/chromium/src/chrome/common/ipc_channel_win.cc, line 341
[Child 26224, Chrome_ChildThread] WARNING: pipe error: 109: file z:/task_1560988636/build/src/ipc/chromium/src/chrome/common/ipc_channel_win.cc, line 341
[Child 26224, Chrome_Ch[Child 26580, Chrome_ChildThread] WARNING: pipe error: 109: file z:/task_1560988636/build/src/ipc/chromium/src/chrome/common/ipc_channel_win.cc, line 341
[Child 26580, Chrome_C[Child 19384, Chrome_ChildThread] WARNING: pipe error: 109: file z:/task_1560988636/build/src/ipc/chromium/src/chrome/common/ipc_channel_win.cc, line 341
[Child 19384, Chrome_C1562533039103	Marionette	INFO	Stopped listening on port 60890

###!!! [Child][RunMessage] Error: Channel closing: too late to send/recv, messages will be lost

[GPU 2334
###!!! [Child][MessageChannconsole.error: BroadcastService: 
  receivedBroadcastMessage: handler for
  remote-settings/monitor_changes
  threw error:
  Message: Error: Polling for changes failed: http://%(server)s/dummy/blocklist//buckets/monitor/collections/changes/records?_expected=%221562371206344%22 is not a valid URL..
  Stack:
    remoteSettingsFunction/remoteSettings.pollChanges@resource://services-settings/remote-settings.js:203:13

1562539706810	mozrunner::runner	INFO	Running command: "C:\\Program Files\\Mozilla Firefox\\firefox.exe" "-marionette" "-foreground" "-no-remote" "-profile" "C:\\Users\\Tony\\AppData\\Local\\Temp\\rust_mozprofile.ro2jIEkXAYIU"
1562539707144	addons.webextension.screenshots@mozilla.org	WARN	Loading extension 'screenshots@mozilla.org': Reading manifest: Invalid extension permission: mozillaAddons
1562539707144	addons.webextension.screenshots@mozilla.org	WARN	Loading extension 'screenshots@mozilla.org': Reading manifest: Invalid extension permission: resource://pdf.js/
1562539707144	addons.webextension.screenshots@mozilla.org	WARN	Loading extension 'screenshots@mozilla.org': Reading manifest: Invalid extension permission: about:reader*
1562539708216	Marionette	INFO	Listening on port 62248
1562539708427	Marionette	WARN	TLS certificate errors will be ignored for this session
[Child 25508, MediaPlayback #2] WARNING: Decoder=21d97b51800 Decode error: NS_ERROR_DOM_MEDIA_FATAL_ERR (0x806e0005) - RefPtr<MediaSourceTrackDemuxer::SamplesPromise> __cdecl mozilla::MediaSourceTrackDemuxer::DoGetSamples(int32_t): manager is detached.: file z:/task_1560988636/build/src/dom/media/MediaDecoderStateMachine.cpp, line 3296
[Child 25508, MediaPlayback #1] WARNING: Decoder=21d97b51800 Decode error: NS_ERROR_DOM_MEDIA_FATAL_ERR (0x806e0005) - RefPtr<MediaSourceTrackDemuxer::SamplesPromise> __cdecl mozilla::MediaSourceTrackDemuxer::DoGetSamples(int32_t): manager is detached.: file z:/task_1560988636/build/src/dom/media/MediaDecoderStateMachine.cpp, line 3296
console.error: BroadcastService: 
  receivedBroadcastMessage: handler for
  remote-settings/monitor_changes
  threw error:
  Message: Error: Polling for changes failed: http://%(server)s/dummy/blocklist//buckets/monitor/collections/changes/records?_expected=%221562371206344%22 is not a valid URL..
  Stack:
    remoteSettingsFunction/remoteSettings.pollChanges@resource://services-settings/remote-settings.js:203:13

JavaScript error: resource:///modules/ContentMetaHandler.jsm, line 156: NS_ERROR_ILLEGAL_VALUE: 
1562539984053	mozrunner::runner	INFO	Running command: "C:\\Program Files\\Mozilla Firefox\\firefox.exe" "-marionette" "-foreground" "-no-remote" "-profile" "C:\\Users\\Tony\\AppData\\Local\\Temp\\rust_mozprofile.hUQVUaubv1iM"
1562539984391	addons.webextension.screenshots@mozilla.org	WARN	Loading extension 'screenshots@mozilla.org': Reading manifest: Invalid extension permission: mozillaAddons
1562539984391	addons.webextension.screenshots@mozilla.org	WARN	Loading extension 'screenshots@mozilla.org': Reading manifest: Invalid extension permission: resource://pdf.js/
1562539984392	addons.webextension.screenshots@mozilla.org	WARN	Loading extension 'screenshots@mozilla.org': Reading manifest: Invalid extension permission: about:reader*
1562539985442	Marionette	INFO	Listening on port 62374
1562539985681	Marionette	WARN	TLS certificate errors will be ignored for this session
[Child 2700, MediaPlayback #4] WARNING: Decoder=18be6075600 Decode error: NS_ERROR_DOM_MEDIA_FATAL_ERR (0x806e0005) - RefPtr<MediaSourceTrackDemuxer::SamplesPromise> __cdecl mozilla::MediaSourceTrackDemuxer::DoGetSamples(int32_t): manager is detached.: file z:/task_1560988636/build/src/dom/media/MediaDecoderStateMachine.cpp, line 3296
[Child 2700, MediaPlayback #3] WARNING: Decoder=18be6075600 Decode error: NS_ERROR_DOM_MEDIA_FATAL_ERR (0x806e0005) - RefPtr<MediaSourceTrackDemuxer::SamplesPromise> __cdecl mozilla::MediaSourceTrackDemuxer::DoGetSamples(int32_t): manager is detached.: file z:/task_1560988636/build/src/dom/media/MediaDecoderStateMachine.cpp, line 3296
console.error: BroadcastService: 
  receivedBroadcastMessage: handler for
  remote-settings/monitor_changes
  threw error:
  Message: Error: Polling for changes failed: http://%(server)s/dummy/blocklist//buckets/monitor/collections/changes/records?_expected=%221562371206344%22 is not a valid URL..
  Stack:
    remoteSettingsFunction/remoteSettings.pollChanges@resource://services-settings/remote-settings.js:203:13

JavaScript error: https://abs.twimg.com/k/en/init.en.f396d0ab009a80c7c73b.js, line 2: SecurityError: The operation is insecure.
JavaScript error: https://abs.twimg.com/k/en/init.en.f396d0ab009a80c7c73b.js, line 2: SecurityError: The operation is insecure.
JavaScript error: https://abs.twimg.com/k/en/init.en.f396d0ab009a80c7c73b.js, line 2: SecurityError: The operation is insecure.
JavaScript error: https://abs.twimg.com/k/en/init.en.f396d0ab009a80c7c73b.js, line 2: SecurityError: The operation is insecure.
JavaScript error: https://abs.twimg.com/k/en/init.en.f396d0ab009a80c7c73b.js, line 2: SecurityError: The operation is insecure.
JavaScript error: https://abs.twimg.com/k/en/init.en.f396d0ab009a80c7c73b.js, line 2: SecurityError: The operation is insecure.
[Child 2700, MediaPlayback #4] WARNING: Decoder=18be1aa3000 Decode error: NS_ERROR_DOM_MEDIA_FATAL_ERR (0x806e0005) - RefPtr<MediaSourceTrackDemuxer::SamplesPromise> __cdecl mozilla::MediaSourceTrackDemuxer::DoGetSamples(int32_t): manager is detached.: file z:/task_1560988636/build/src/dom/media/MediaDecoderStateMachine.cpp, line 3296
[Child 2700, MediaPlayback #1] WARNING: Decoder=18be1aa3000 Decode error: NS_ERROR_DOM_MEDIA_FATAL_ERR (0x806e0005) - RefPtr<MediaSourceTrackDemuxer::SamplesPromise> __cdecl mozilla::MediaSourceTrackDemuxer::DoGetSamples(int32_t): manager is detached.: file z:/task_1560988636/build/src/dom/media/MediaDecoderStateMachine.cpp, line 3296
[Child 2700, MediaPlayback #3] WARNING: Decoder=18be1aa3000 Decode error: NS_ERROR_DOM_MEDIA_FATAL_ERR (0x806e0005) - RefPtr<MediaSourceTrackDemuxer::SamplesPromise> __cdecl mozilla::MediaSourceTrackDemuxer::DoGetSamples(int32_t): manager is detached.: file z:/task_1560988636/build/src/dom/media/MediaDecoderStateMachine.cpp, line 3296
[Child 2700, MediaPlayback #4] WARNING: Decoder=18be1aa3000 Decode error: NS_ERROR_DOM_MEDIA_FATAL_ERR (0x806e0005) - RefPtr<MediaSourceTrackDemuxer::SamplesPromise> __cdecl mozilla::MediaSourceTrackDemuxer::DoGetSamples(int32_t): manager is detached.: file z:/task_1560988636/build/src/dom/media/MediaDecoderStateMachine.cpp, line 3296
[Child 2700, MediaPlayback #1] WARNING: Decoder=18be1aa3000 Decode error: NS_ERROR_DOM_MEDIA_FATAL_ERR (0x806e0005) - RefPtr<MediaSourceTrackDemuxer::SamplesPromise> __cdecl mozilla::MediaSourceTrackDemuxer::DoGetSamples(int32_t): manager is detached.: file z:/task_1560988636/build/src/dom/media/MediaDecoderStateMachine.cpp, line 3296
[Child 2700, MediaPlayback #1] WARNING: Decoder=18be1aa3000 Decode error: NS_ERROR_DOM_MEDIA_FATAL_ERR (0x806e0005) - RefPtr<MediaSourceTrackDemuxer::SamplesPromise> __cdecl mozilla::MediaSourceTrackDemuxer::DoGetSamples(int32_t): manager is detached.: file z:/task_1560988636/build/src/dom/media/MediaDecoderStateMachine.cpp, line 3296
[Child 2700, MediaPlayback #4] WARNING: Decoder=18be1aa3000 Decode error: NS_ERROR_DOM_MEDIA_FATAL_ERR (0x806e0005) - RefPtr<MediaSourceTrackDemuxer::SamplesPromise> __cdecl mozilla::MediaSourceTrackDemuxer::DoGetSamples(int32_t): manager is detached.: file z:/task_1560988636/build/src/dom/media/MediaDecoderStateMachine.cpp, line 3296
[Child 2700, MediaPlayback #1] WARNING: Decoder=18be1aa3000 Decode error: NS_ERROR_DOM_MEDIA_FATAL_ERR (0x806e0005) - RefPtr<MediaSourceTrackDemuxer::SamplesPromise> __cdecl mozilla::MediaSourceTrackDemuxer::DoGetSamples(int32_t): manager is detached.: file z:/task_1560988636/build/src/dom/media/MediaDecoderStateMachine.cpp, line 3296
[Child 2700, MediaPlayback #3] WARNING: Decoder=18be1aa3000 Decode error: NS_ERROR_DOM_MEDIA_FATAL_ERR (0x806e0005) - RefPtr<MediaSourceTrackDemuxer::SamplesPromise> __cdecl mozilla::MediaSourceTrackDemuxer::DoGetSamples(int32_t): manager is detached.: file z:/task_1560988636/build/src/dom/media/MediaDecoderStateMachine.cpp, line 3296
[Child 2700, MediaPlayback #4] WARNING: Decoder=18be1aa3000 Decode error: NS_ERROR_DOM_MEDIA_FATAL_ERR (0x806e0005) - RefPtr<MediaSourceTrackDemuxer::SamplesPromise> __cdecl mozilla::MediaSourceTrackDemuxer::DoGetSamples(int32_t): manager is detached.: file z:/task_1560988636/build/src/dom/media/MediaDecoderStateMachine.cpp, line 3296
[Child 2700, MediaPlayback #1] WARNING: Decoder=18be1aa3000 Decode error: NS_ERROR_DOM_MEDIA_FATAL_ERR (0x806e0005) - RefPtr<MediaSourceTrackDemuxer::SamplesPromise> __cdecl mozilla::MediaSourceTrackDemuxer::DoGetSamples(int32_t): manager is detached.: file z:/task_1560988636/build/src/dom/media/MediaDecoderStateMachine.cpp, line 3296
[Child 2700, MediaPlayback #2] WARNING: Decoder=18be1aa3000 Decode error: NS_ERROR_DOM_MEDIA_FATAL_ERR (0x806e0005) - RefPtr<MediaSourceTrackDemuxer::SamplesPromise> __cdecl mozilla::MediaSourceTrackDemuxer::DoGetSamples(int32_t): manager is detached.: file z:/task_1560988636/build/src/dom/media/MediaDecoderStateMachine.cpp, line 3296
[Child 2700, MediaPlayback #1] WARNING: Decoder=18be1aa3000 Decode error: NS_ERROR_DOM_MEDIA_FATAL_ERR (0x806e0005) - RefPtr<MediaSourceTrackDemuxer::SamplesPromise> __cdecl mozilla::MediaSourceTrackDemuxer::DoGetSamples(int32_t): manager is detached.: file z:/task_1560988636/build/src/dom/media/MediaDecoderStateMachine.cpp, line 3296
[Child 2700, MediaPlayback #4] WARNING: Decoder=18be1aa3000 Decode error: NS_ERROR_DOM_MEDIA_FATAL_ERR (0x806e0005) - RefPtr<MediaSourceTrackDemuxer::SamplesPromise> __cdecl mozilla::MediaSourceTrackDemuxer::DoGetSamples(int32_t): manager is detached.: file z:/task_1560988636/build/src/dom/media/MediaDecoderStateMachine.cpp, line 3296
[Child 2700, MediaPlayback #2] WARNING: Decoder=18be1aa3000 Decode error: NS_ERROR_DOM_MEDIA_FATAL_ERR (0x806e0005) - RefPtr<MediaSourceTrackDemuxer::SamplesPromise> __cdecl mozilla::MediaSourceTrackDemuxer::DoGetSamples(int32_t): manager is detached.: file z:/task_1560988636/build/src/dom/media/MediaDecoderStateMachine.cpp, line 3296
[Child 2700, MediaPlayback #4] WARNING: Decoder=18be1aa3000 Decode error: NS_ERROR_DOM_MEDIA_FATAL_ERR (0x806e0005) - RefPtr<MediaSourceTrackDemuxer::SamplesPromise> __cdecl mozilla::MediaSourceTrackDemuxer::DoGetSamples(int32_t): manager is detached.: file z:/task_1560988636/build/src/dom/media/MediaDecoderStateMachine.cpp, line 3296
